23:13:00.424 [ApplicationImpl pooled thread 512] INFO  c.b.s.l.BrowserStackRunExtension - testng
23:13:00.427 [ApplicationImpl pooled thread 512] INFO  com.browserstack.sdk.utils.Helpers - null
23:13:00.428 [ApplicationImpl pooled thread 512] INFO  c.b.s.l.BrowserStackRunExtension - Agent path: null
23:18:05.043 [AWT-EventQueue-0] INFO  c.b.sdk.actions.DisableBrowserStack - Setting disable browserstack run update
23:18:05.053 [AWT-EventQueue-0] INFO  c.b.sdk.actions.EnableBrowserStack - Setting enable browserstack run update
23:18:09.099 [AWT-EventQueue-0] INFO  c.b.sdk.launchers.LaunchMavenCommand - Integrate source: java:intellij:2.0.0-IC
23:18:09.111 [AWT-EventQueue-0] INFO  c.b.sdk.launchers.LaunchMavenCommand - Executing maven archetype command - browserstack-sdk-archetype-integrate
23:18:09.146 [ApplicationImpl pooled thread 496] INFO  c.b.s.l.BrowserStackRunExtension - maven
23:18:09.146 [ApplicationImpl pooled thread 496] INFO  com.browserstack.sdk.utils.Helpers - null
23:18:15.632 [java.exe] INFO  c.b.sdk.launchers.LaunchMavenCommand - Completed maven archetype command
23:19:00.246 [ApplicationImpl pooled thread 536] INFO  c.b.s.l.BrowserStackRunExtension - testng
23:19:00.246 [ApplicationImpl pooled thread 536] INFO  com.browserstack.sdk.utils.Helpers - true
23:19:00.260 [ApplicationImpl pooled thread 536] INFO  com.browserstack.sdk.utils.Helpers - C:/Users/rohit_lamsonge/.m2/repository/com/browserstack/browserstack-java-sdk/1.41.8/browserstack-java-sdk-1.41.8.jar
23:19:00.260 [ApplicationImpl pooled thread 536] INFO  c.b.s.l.BrowserStackRunExtension - Agent path: C:/Users/rohit_lamsonge/.m2/repository/com/browserstack/browserstack-java-sdk/1.41.8/browserstack-java-sdk-1.41.8.jar
23:19:00.260 [ApplicationImpl pooled thread 536] INFO  c.b.s.l.BrowserStackRunExtension - Adding Browserstack SDK javaagent argline
23:19:00.260 [ApplicationImpl pooled thread 536] INFO  c.b.s.l.BrowserStackRunExtension - Plugin version: 2.0.0-IC
23:20:44.083 [ApplicationImpl pooled thread 562] INFO  c.b.s.l.BrowserStackRunExtension - testng
23:20:44.083 [ApplicationImpl pooled thread 562] INFO  com.browserstack.sdk.utils.Helpers - true
23:20:44.099 [ApplicationImpl pooled thread 562] INFO  com.browserstack.sdk.utils.Helpers - C:/Users/rohit_lamsonge/.m2/repository/com/browserstack/browserstack-java-sdk/1.41.8/browserstack-java-sdk-1.41.8.jar
23:20:44.099 [ApplicationImpl pooled thread 562] INFO  c.b.s.l.BrowserStackRunExtension - Agent path: C:/Users/rohit_lamsonge/.m2/repository/com/browserstack/browserstack-java-sdk/1.41.8/browserstack-java-sdk-1.41.8.jar
23:20:44.099 [ApplicationImpl pooled thread 562] INFO  c.b.s.l.BrowserStackRunExtension - Adding Browserstack SDK javaagent argline
23:20:44.099 [ApplicationImpl pooled thread 562] INFO  c.b.s.l.BrowserStackRunExtension - Plugin version: 2.0.0-IC
23:22:17.834 [ApplicationImpl pooled thread 544] INFO  c.b.s.l.BrowserStackRunExtension - testng
23:22:17.835 [ApplicationImpl pooled thread 544] INFO  com.browserstack.sdk.utils.Helpers - true
23:22:17.835 [ApplicationImpl pooled thread 544] INFO  com.browserstack.sdk.utils.Helpers - C:/Users/rohit_lamsonge/.m2/repository/com/browserstack/browserstack-java-sdk/1.41.8/browserstack-java-sdk-1.41.8.jar
23:22:17.835 [ApplicationImpl pooled thread 544] INFO  c.b.s.l.BrowserStackRunExtension - Agent path: C:/Users/rohit_lamsonge/.m2/repository/com/browserstack/browserstack-java-sdk/1.41.8/browserstack-java-sdk-1.41.8.jar
23:22:17.835 [ApplicationImpl pooled thread 544] INFO  c.b.s.l.BrowserStackRunExtension - Adding Browserstack SDK javaagent argline
23:22:17.835 [ApplicationImpl pooled thread 544] INFO  c.b.s.l.BrowserStackRunExtension - Plugin version: 2.0.0-IC
23:25:51.066 [ApplicationImpl pooled thread 581] INFO  c.b.s.l.BrowserStackRunExtension - testng
23:25:51.066 [ApplicationImpl pooled thread 581] INFO  com.browserstack.sdk.utils.Helpers - true
23:25:51.067 [ApplicationImpl pooled thread 581] INFO  com.browserstack.sdk.utils.Helpers - C:/Users/rohit_lamsonge/.m2/repository/com/browserstack/browserstack-java-sdk/1.41.8/browserstack-java-sdk-1.41.8.jar
23:25:51.067 [ApplicationImpl pooled thread 581] INFO  c.b.s.l.BrowserStackRunExtension - Agent path: C:/Users/rohit_lamsonge/.m2/repository/com/browserstack/browserstack-java-sdk/1.41.8/browserstack-java-sdk-1.41.8.jar
23:25:51.067 [ApplicationImpl pooled thread 581] INFO  c.b.s.l.BrowserStackRunExtension - Adding Browserstack SDK javaagent argline
23:25:51.067 [ApplicationImpl pooled thread 581] INFO  c.b.s.l.BrowserStackRunExtension - Plugin version: 2.0.0-IC
23:29:46.274 [ApplicationImpl pooled thread 583] INFO  c.b.s.l.BrowserStackRunExtension - testng
23:29:46.274 [ApplicationImpl pooled thread 583] INFO  com.browserstack.sdk.utils.Helpers - true
23:29:46.275 [ApplicationImpl pooled thread 583] INFO  com.browserstack.sdk.utils.Helpers - C:/Users/rohit_lamsonge/.m2/repository/com/browserstack/browserstack-java-sdk/1.41.8/browserstack-java-sdk-1.41.8.jar
23:29:46.275 [ApplicationImpl pooled thread 583] INFO  c.b.s.l.BrowserStackRunExtension - Agent path: C:/Users/rohit_lamsonge/.m2/repository/com/browserstack/browserstack-java-sdk/1.41.8/browserstack-java-sdk-1.41.8.jar
23:29:46.275 [ApplicationImpl pooled thread 583] INFO  c.b.s.l.BrowserStackRunExtension - Adding Browserstack SDK javaagent argline
23:29:46.275 [ApplicationImpl pooled thread 583] INFO  c.b.s.l.BrowserStackRunExtension - Plugin version: 2.0.0-IC
23:31:43.447 [ApplicationImpl pooled thread 565] INFO  c.b.s.l.BrowserStackRunExtension - testng
23:31:43.448 [ApplicationImpl pooled thread 565] INFO  com.browserstack.sdk.utils.Helpers - true
23:31:43.448 [ApplicationImpl pooled thread 565] INFO  com.browserstack.sdk.utils.Helpers - C:/Users/rohit_lamsonge/.m2/repository/com/browserstack/browserstack-java-sdk/1.41.8/browserstack-java-sdk-1.41.8.jar
23:31:43.448 [ApplicationImpl pooled thread 565] INFO  c.b.s.l.BrowserStackRunExtension - Agent path: C:/Users/rohit_lamsonge/.m2/repository/com/browserstack/browserstack-java-sdk/1.41.8/browserstack-java-sdk-1.41.8.jar
23:31:43.448 [ApplicationImpl pooled thread 565] INFO  c.b.s.l.BrowserStackRunExtension - Adding Browserstack SDK javaagent argline
23:31:43.448 [ApplicationImpl pooled thread 565] INFO  c.b.s.l.BrowserStackRunExtension - Plugin version: 2.0.0-IC
23:35:06.769 [ApplicationImpl pooled thread 602] INFO  c.b.s.l.BrowserStackRunExtension - testng
23:35:06.769 [ApplicationImpl pooled thread 602] INFO  com.browserstack.sdk.utils.Helpers - true
23:35:06.770 [ApplicationImpl pooled thread 602] INFO  com.browserstack.sdk.utils.Helpers - C:/Users/rohit_lamsonge/.m2/repository/com/browserstack/browserstack-java-sdk/1.41.8/browserstack-java-sdk-1.41.8.jar
23:35:06.770 [ApplicationImpl pooled thread 602] INFO  c.b.s.l.BrowserStackRunExtension - Agent path: C:/Users/rohit_lamsonge/.m2/repository/com/browserstack/browserstack-java-sdk/1.41.8/browserstack-java-sdk-1.41.8.jar
23:35:06.770 [ApplicationImpl pooled thread 602] INFO  c.b.s.l.BrowserStackRunExtension - Adding Browserstack SDK javaagent argline
23:35:06.770 [ApplicationImpl pooled thread 602] INFO  c.b.s.l.BrowserStackRunExtension - Plugin version: 2.0.0-IC
23:38:55.994 [ApplicationImpl pooled thread 603] INFO  c.b.s.l.BrowserStackRunExtension - testng
23:38:55.994 [ApplicationImpl pooled thread 603] INFO  com.browserstack.sdk.utils.Helpers - true
23:38:55.994 [ApplicationImpl pooled thread 603] INFO  com.browserstack.sdk.utils.Helpers - C:/Users/rohit_lamsonge/.m2/repository/com/browserstack/browserstack-java-sdk/1.41.8/browserstack-java-sdk-1.41.8.jar
23:38:55.995 [ApplicationImpl pooled thread 603] INFO  c.b.s.l.BrowserStackRunExtension - Agent path: C:/Users/rohit_lamsonge/.m2/repository/com/browserstack/browserstack-java-sdk/1.41.8/browserstack-java-sdk-1.41.8.jar
23:38:55.995 [ApplicationImpl pooled thread 603] INFO  c.b.s.l.BrowserStackRunExtension - Adding Browserstack SDK javaagent argline
23:38:55.995 [ApplicationImpl pooled thread 603] INFO  c.b.s.l.BrowserStackRunExtension - Plugin version: 2.0.0-IC
09:52:38.987 [ApplicationImpl pooled thread 741] INFO  c.b.s.l.BrowserStackRunExtension - testng
09:52:38.987 [ApplicationImpl pooled thread 741] INFO  com.browserstack.sdk.utils.Helpers - true
09:52:38.988 [ApplicationImpl pooled thread 741] INFO  com.browserstack.sdk.utils.Helpers - C:/Users/rohit_lamsonge/.m2/repository/com/browserstack/browserstack-java-sdk/1.41.8/browserstack-java-sdk-1.41.8.jar
09:52:38.988 [ApplicationImpl pooled thread 741] INFO  c.b.s.l.BrowserStackRunExtension - Agent path: C:/Users/rohit_lamsonge/.m2/repository/com/browserstack/browserstack-java-sdk/1.41.8/browserstack-java-sdk-1.41.8.jar
09:52:38.988 [ApplicationImpl pooled thread 741] INFO  c.b.s.l.BrowserStackRunExtension - Adding Browserstack SDK javaagent argline
09:52:38.988 [ApplicationImpl pooled thread 741] INFO  c.b.s.l.BrowserStackRunExtension - Plugin version: 2.0.0-IC
